{"/Users/mert/Desktop/SENSORY-MINDS/conference-bingo/src/components/BingoApp.tsx": {"path":"/Users/mert/Desktop/SENSORY-MINDS/conference-bingo/src/components/BingoApp.tsx","statementMap":{"0":{"start":{"line":78,"column":0},"end":{"line":78,"column":15}},"1":{"start":{"line":4,"column":7},"end":{"line":4,"column":null}},"2":{"start":{"line":6,"column":44},"end":{"line":6,"column":null}},"3":{"start":{"line":8,"column":28},"end":{"line":8,"column":null}},"4":{"start":{"line":10,"column":22},"end":{"line":10,"column":null}},"5":{"start":{"line":11,"column":22},"end":{"line":11,"column":null}},"6":{"start":{"line":12,"column":28},"end":{"line":12,"column":null}},"7":{"start":{"line":13,"column":31},"end":{"line":13,"column":null}},"8":{"start":{"line":15,"column":27},"end":{"line":76,"column":null}},"9":{"start":{"line":16,"column":39},"end":{"line":16,"column":null}},"10":{"start":{"line":19,"column":52},"end":{"line":19,"column":null}},"11":{"start":{"line":21,"column":22},"end":{"line":28,"column":null}},"12":{"start":{"line":22,"column":4},"end":{"line":22,"column":null}},"13":{"start":{"line":22,"column":46},"end":{"line":22,"column":null}},"14":{"start":{"line":24,"column":20},"end":{"line":24,"column":null}},"15":{"start":{"line":25,"column":4},"end":{"line":25,"column":null}},"16":{"start":{"line":27,"column":4},"end":{"line":27,"column":null}},"17":{"start":{"line":54,"column":14},"end":{"line":55,"column":null}},"18":{"start":{"line":78,"column":15},"end":{"line":78,"column":null}}},"fnMap":{"0":{"name":"(anonymous_0)","decl":{"start":{"line":78,"column":0},"end":{"line":78,"column":15}},"loc":{"start":{"line":78,"column":0},"end":{"line":78,"column":15}}},"1":{"name":"(anonymous_5)","decl":{"start":{"line":15,"column":27},"end":{"line":15,"column":33}},"loc":{"start":{"line":15,"column":33},"end":{"line":76,"column":null}}},"2":{"name":"(anonymous_6)","decl":{"start":{"line":21,"column":22},"end":{"line":21,"column":23}},"loc":{"start":{"line":21,"column":47},"end":{"line":28,"column":null}}},"3":{"name":"(anonymous_7)","decl":{"start":{"line":53,"column":41},"end":{"line":53,"column":42}},"loc":{"start":{"line":54,"column":14},"end":{"line":55,"column":null}}}},"branchMap":{"0":{"loc":{"start":{"line":22,"column":4},"end":{"line":22,"column":null}},"type":"if","locations":[{"start":{"line":22,"column":4},"end":{"line":22,"column":null}}]},"1":{"loc":{"start":{"line":22,"column":8},"end":{"line":22,"column":46}},"type":"binary-expr","locations":[{"start":{"line":22,"column":8},"end":{"line":22,"column":16}},{"start":{"line":22,"column":16},"end":{"line":22,"column":46}}]},"2":{"loc":{"start":{"line":47,"column":41},"end":{"line":47,"column":75}},"type":"cond-expr","locations":[{"start":{"line":47,"column":62},"end":{"line":47,"column":73}},{"start":{"line":47,"column":73},"end":{"line":47,"column":75}}]},"3":{"loc":{"start":{"line":48,"column":7},"end":{"line":73,"column":null}},"type":"cond-expr","locations":[{"start":{"line":49,"column":8},"end":{"line":51,"column":9}},{"start":{"line":51,"column":8},"end":{"line":73,"column":null}}]}},"s":{"0":0,"1":0,"2":0,"3":0,"4":0,"5":0,"6":0,"7":0,"8":0,"9":0,"10":0,"11":0,"12":0,"13":0,"14":0,"15":0,"16":0,"17":0,"18":0},"f":{"0":0,"1":0,"2":0,"3":0},"b":{"0":[0],"1":[0,0],"2":[0,0],"3":[0,0]}}
,"/Users/mert/Desktop/SENSORY-MINDS/conference-bingo/src/components/BingoCard.tsx": {"path":"/Users/mert/Desktop/SENSORY-MINDS/conference-bingo/src/components/BingoCard.tsx","statementMap":{"0":{"start":{"line":126,"column":0},"end":{"line":126,"column":15}},"1":{"start":{"line":2,"column":44},"end":{"line":2,"column":null}},"2":{"start":{"line":3,"column":17},"end":{"line":3,"column":null}},"3":{"start":{"line":6,"column":28},"end":{"line":6,"column":null}},"4":{"start":{"line":8,"column":27},"end":{"line":8,"column":null}},"5":{"start":{"line":15,"column":44},"end":{"line":124,"column":null}},"6":{"start":{"line":16,"column":33},"end":{"line":16,"column":null}},"7":{"start":{"line":18,"column":44},"end":{"line":24,"column":null}},"8":{"start":{"line":19,"column":33},"end":{"line":21,"column":null}},"9":{"start":{"line":22,"column":4},"end":{"line":22,"column":58}},"10":{"start":{"line":23,"column":4},"end":{"line":23,"column":null}},"11":{"start":{"line":26,"column":23},"end":{"line":77,"column":null}},"12":{"start":{"line":27,"column":33},"end":{"line":27,"column":null}},"13":{"start":{"line":28,"column":4},"end":{"line":28,"column":null}},"14":{"start":{"line":29,"column":4},"end":{"line":29,"column":null}},"15":{"start":{"line":32,"column":4},"end":{"line":76,"column":5}},"16":{"start":{"line":34,"column":6},"end":{"line":75,"column":null}},"17":{"start":{"line":43,"column":8},"end":{"line":74,"column":9}},"18":{"start":{"line":44,"column":10},"end":{"line":44,"column":null}},"19":{"start":{"line":45,"column":10},"end":{"line":73,"column":null}},"20":{"start":{"line":46,"column":12},"end":{"line":72,"column":null}},"21":{"start":{"line":60,"column":14},"end":{"line":65,"column":15}},"22":{"start":{"line":62,"column":16},"end":{"line":64,"column":null}},"23":{"start":{"line":63,"column":18},"end":{"line":63,"column":null}},"24":{"start":{"line":66,"column":14},"end":{"line":68,"column":15}},"25":{"start":{"line":67,"column":16},"end":{"line":67,"column":null}},"26":{"start":{"line":69,"column":14},"end":{"line":71,"column":15}},"27":{"start":{"line":70,"column":16},"end":{"line":70,"column":null}},"28":{"start":{"line":80,"column":24},"end":{"line":82,"column":null}},"29":{"start":{"line":81,"column":19},"end":{"line":81,"column":40}},"30":{"start":{"line":82,"column":22},"end":{"line":82,"column":null}},"31":{"start":{"line":93,"column":8},"end":{"line":94,"column":null}},"32":{"start":{"line":99,"column":12},"end":{"line":99,"column":null}},"33":{"start":{"line":126,"column":15},"end":{"line":126,"column":null}}},"fnMap":{"0":{"name":"(anonymous_0)","decl":{"start":{"line":126,"column":0},"end":{"line":126,"column":15}},"loc":{"start":{"line":126,"column":0},"end":{"line":126,"column":15}}},"1":{"name":"(anonymous_5)","decl":{"start":{"line":15,"column":44},"end":{"line":15,"column":45}},"loc":{"start":{"line":15,"column":72},"end":{"line":124,"column":null}}},"2":{"name":"(anonymous_6)","decl":{"start":{"line":18,"column":64},"end":{"line":18,"column":70}},"loc":{"start":{"line":18,"column":70},"end":{"line":24,"column":null}}},"3":{"name":"(anonymous_7)","decl":{"start":{"line":26,"column":23},"end":{"line":26,"column":24}},"loc":{"start":{"line":26,"column":42},"end":{"line":77,"column":null}}},"4":{"name":"(anonymous_8)","decl":{"start":{"line":42,"column":14},"end":{"line":42,"column":15}},"loc":{"start":{"line":42,"column":26},"end":{"line":75,"column":null}}},"5":{"name":"(anonymous_9)","decl":{"start":{"line":45,"column":21},"end":{"line":45,"column":27}},"loc":{"start":{"line":45,"column":27},"end":{"line":73,"column":13}}},"6":{"name":"(anonymous_10)","decl":{"start":{"line":59,"column":20},"end":{"line":59,"column":21}},"loc":{"start":{"line":59,"column":27},"end":{"line":72,"column":null}}},"7":{"name":"(anonymous_11)","decl":{"start":{"line":62,"column":27},"end":{"line":62,"column":33}},"loc":{"start":{"line":62,"column":33},"end":{"line":64,"column":19}}},"8":{"name":"(anonymous_12)","decl":{"start":{"line":81,"column":9},"end":{"line":81,"column":10}},"loc":{"start":{"line":81,"column":19},"end":{"line":81,"column":40}}},"9":{"name":"(anonymous_13)","decl":{"start":{"line":82,"column":12},"end":{"line":82,"column":13}},"loc":{"start":{"line":82,"column":22},"end":{"line":82,"column":null}}},"10":{"name":"(anonymous_14)","decl":{"start":{"line":92,"column":23},"end":{"line":92,"column":24}},"loc":{"start":{"line":93,"column":8},"end":{"line":94,"column":null}}},"11":{"name":"(anonymous_15)","decl":{"start":{"line":98,"column":19},"end":{"line":98,"column":null}},"loc":{"start":{"line":99,"column":12},"end":{"line":99,"column":null}}}},"branchMap":{"0":{"loc":{"start":{"line":32,"column":4},"end":{"line":76,"column":5}},"type":"if","locations":[{"start":{"line":32,"column":4},"end":{"line":76,"column":5}}]},"1":{"loc":{"start":{"line":43,"column":8},"end":{"line":74,"column":9}},"type":"if","locations":[{"start":{"line":43,"column":8},"end":{"line":74,"column":9}}]},"2":{"loc":{"start":{"line":60,"column":14},"end":{"line":65,"column":15}},"type":"if","locations":[{"start":{"line":60,"column":14},"end":{"line":65,"column":15}}]},"3":{"loc":{"start":{"line":66,"column":14},"end":{"line":68,"column":15}},"type":"if","locations":[{"start":{"line":66,"column":14},"end":{"line":68,"column":15}}]},"4":{"loc":{"start":{"line":69,"column":14},"end":{"line":71,"column":15}},"type":"if","locations":[{"start":{"line":69,"column":14},"end":{"line":71,"column":15}}]},"5":{"loc":{"start":{"line":87,"column":8},"end":{"line":87,"column":51}},"type":"binary-expr","locations":[{"start":{"line":87,"column":8},"end":{"line":87,"column":37}},{"start":{"line":87,"column":37},"end":{"line":87,"column":51}}]},"6":{"loc":{"start":{"line":88,"column":8},"end":{"line":88,"column":51}},"type":"binary-expr","locations":[{"start":{"line":88,"column":8},"end":{"line":88,"column":37}},{"start":{"line":88,"column":37},"end":{"line":88,"column":51}}]},"7":{"loc":{"start":{"line":89,"column":8},"end":{"line":89,"column":51}},"type":"binary-expr","locations":[{"start":{"line":89,"column":8},"end":{"line":89,"column":37}},{"start":{"line":89,"column":37},"end":{"line":89,"column":51}}]},"8":{"loc":{"start":{"line":96,"column":12},"end":{"line":96,"column":65}},"type":"cond-expr","locations":[{"start":{"line":96,"column":35},"end":{"line":96,"column":63}},{"start":{"line":96,"column":63},"end":{"line":96,"column":65}}]},"9":{"loc":{"start":{"line":99,"column":12},"end":{"line":99,"column":null}},"type":"binary-expr","locations":[{"start":{"line":99,"column":12},"end":{"line":99,"column":49}},{"start":{"line":99,"column":49},"end":{"line":99,"column":null}}]},"10":{"loc":{"start":{"line":103,"column":13},"end":{"line":103,"column":null}},"type":"binary-expr","locations":[{"start":{"line":103,"column":13},"end":{"line":103,"column":null}},{"start":{"line":104,"column":14},"end":{"line":104,"column":null}}]},"11":{"loc":{"start":{"line":109,"column":13},"end":{"line":118,"column":null}},"type":"cond-expr","locations":[{"start":{"line":110,"column":14},"end":{"line":117,"column":15}},{"start":{"line":117,"column":14},"end":{"line":118,"column":null}}]}},"s":{"0":0,"1":0,"2":0,"3":0,"4":0,"5":0,"6":0,"7":0,"8":0,"9":0,"10":0,"11":0,"12":0,"13":0,"14":0,"15":0,"16":0,"17":0,"18":0,"19":0,"20":0,"21":0,"22":0,"23":0,"24":0,"25":0,"26":0,"27":0,"28":0,"29":0,"30":0,"31":0,"32":0,"33":0},"f":{"0":0,"1":0,"2":0,"3":0,"4":0,"5":0,"6":0,"7":0,"8":0,"9":0,"10":0,"11":0},"b":{"0":[0],"1":[0],"2":[0],"3":[0],"4":[0],"5":[0,0],"6":[0,0],"7":[0,0],"8":[0,0],"9":[0,0],"10":[0,0],"11":[0,0]}}
,"/Users/mert/Desktop/SENSORY-MINDS/conference-bingo/src/components/Board.tsx": {"path":"/Users/mert/Desktop/SENSORY-MINDS/conference-bingo/src/components/Board.tsx","statementMap":{"0":{"start":{"line":28,"column":0},"end":{"line":28,"column":15}},"1":{"start":{"line":1,"column":18},"end":{"line":1,"column":null}},"2":{"start":{"line":3,"column":17},"end":{"line":3,"column":null}},"3":{"start":{"line":11,"column":36},"end":{"line":26,"column":null}},"4":{"start":{"line":15,"column":8},"end":{"line":17,"column":null}},"5":{"start":{"line":16,"column":10},"end":{"line":17,"column":null}},"6":{"start":{"line":20,"column":27},"end":{"line":20,"column":null}},"7":{"start":{"line":28,"column":15},"end":{"line":28,"column":null}}},"fnMap":{"0":{"name":"(anonymous_0)","decl":{"start":{"line":28,"column":0},"end":{"line":28,"column":15}},"loc":{"start":{"line":28,"column":0},"end":{"line":28,"column":15}}},"1":{"name":"(anonymous_2)","decl":{"start":{"line":11,"column":36},"end":{"line":11,"column":37}},"loc":{"start":{"line":11,"column":79},"end":{"line":26,"column":null}}},"2":{"name":"(anonymous_3)","decl":{"start":{"line":14,"column":17},"end":{"line":14,"column":18}},"loc":{"start":{"line":14,"column":36},"end":{"line":23,"column":null}}},"3":{"name":"(anonymous_4)","decl":{"start":{"line":15,"column":23},"end":{"line":15,"column":24}},"loc":{"start":{"line":16,"column":10},"end":{"line":17,"column":null}}},"4":{"name":"(anonymous_5)","decl":{"start":{"line":20,"column":21},"end":{"line":20,"column":27}},"loc":{"start":{"line":20,"column":27},"end":{"line":20,"column":null}}}},"branchMap":{"0":{"loc":{"start":{"line":19,"column":22},"end":{"line":19,"column":68}},"type":"binary-expr","locations":[{"start":{"line":19,"column":22},"end":{"line":19,"column":59}},{"start":{"line":19,"column":63},"end":{"line":19,"column":68}}]}},"s":{"0":0,"1":0,"2":0,"3":0,"4":0,"5":0,"6":0,"7":0},"f":{"0":0,"1":0,"2":0,"3":0,"4":0},"b":{"0":[0,0]}}
,"/Users/mert/Desktop/SENSORY-MINDS/conference-bingo/src/components/Cell.tsx": {"path":"/Users/mert/Desktop/SENSORY-MINDS/conference-bingo/src/components/Cell.tsx","statementMap":{"0":{"start":{"line":22,"column":0},"end":{"line":22,"column":15}},"1":{"start":{"line":1,"column":18},"end":{"line":1,"column":null}},"2":{"start":{"line":9,"column":34},"end":{"line":20,"column":null}},"3":{"start":{"line":22,"column":15},"end":{"line":22,"column":null}}},"fnMap":{"0":{"name":"(anonymous_0)","decl":{"start":{"line":22,"column":0},"end":{"line":22,"column":15}},"loc":{"start":{"line":22,"column":0},"end":{"line":22,"column":15}}},"1":{"name":"(anonymous_2)","decl":{"start":{"line":9,"column":34},"end":{"line":9,"column":35}},"loc":{"start":{"line":9,"column":70},"end":{"line":20,"column":null}}}},"branchMap":{"0":{"loc":{"start":{"line":13,"column":8},"end":{"line":13,"column":46}},"type":"cond-expr","locations":[{"start":{"line":13,"column":19},"end":{"line":13,"column":36}},{"start":{"line":13,"column":36},"end":{"line":13,"column":46}}]}},"s":{"0":0,"1":0,"2":0,"3":0},"f":{"0":0,"1":0},"b":{"0":[0,0]}}
,"/Users/mert/Desktop/SENSORY-MINDS/conference-bingo/src/components/PlayerSelection.tsx": {"path":"/Users/mert/Desktop/SENSORY-MINDS/conference-bingo/src/components/PlayerSelection.tsx","statementMap":{"0":{"start":{"line":89,"column":0},"end":{"line":89,"column":15}},"1":{"start":{"line":2,"column":32},"end":{"line":2,"column":null}},"2":{"start":{"line":8,"column":56},"end":{"line":87,"column":null}},"3":{"start":{"line":9,"column":40},"end":{"line":9,"column":null}},"4":{"start":{"line":10,"column":36},"end":{"line":10,"column":null}},"5":{"start":{"line":12,"column":34},"end":{"line":16,"column":null}},"6":{"start":{"line":13,"column":27},"end":{"line":13,"column":null}},"7":{"start":{"line":14,"column":4},"end":{"line":14,"column":null}},"8":{"start":{"line":15,"column":4},"end":{"line":15,"column":null}},"9":{"start":{"line":18,"column":31},"end":{"line":25,"column":null}},"10":{"start":{"line":22,"column":25},"end":{"line":22,"column":null}},"11":{"start":{"line":23,"column":4},"end":{"line":23,"column":null}},"12":{"start":{"line":24,"column":4},"end":{"line":24,"column":null}},"13":{"start":{"line":27,"column":23},"end":{"line":30,"column":null}},"14":{"start":{"line":28,"column":4},"end":{"line":28,"column":null}},"15":{"start":{"line":29,"column":4},"end":{"line":29,"column":null}},"16":{"start":{"line":52,"column":14},"end":{"line":52,"column":30}},"17":{"start":{"line":60,"column":10},"end":{"line":60,"column":null}},"18":{"start":{"line":72,"column":31},"end":{"line":72,"column":null}},"19":{"start":{"line":89,"column":15},"end":{"line":89,"column":null}}},"fnMap":{"0":{"name":"(anonymous_0)","decl":{"start":{"line":89,"column":0},"end":{"line":89,"column":15}},"loc":{"start":{"line":89,"column":0},"end":{"line":89,"column":15}}},"1":{"name":"(anonymous_4)","decl":{"start":{"line":8,"column":56},"end":{"line":8,"column":57}},"loc":{"start":{"line":8,"column":73},"end":{"line":87,"column":null}}},"2":{"name":"(anonymous_5)","decl":{"start":{"line":12,"column":34},"end":{"line":12,"column":35}},"loc":{"start":{"line":12,"column":79},"end":{"line":16,"column":null}}},"3":{"name":"(anonymous_6)","decl":{"start":{"line":18,"column":31},"end":{"line":18,"column":null}},"loc":{"start":{"line":21,"column":7},"end":{"line":25,"column":null}}},"4":{"name":"(anonymous_7)","decl":{"start":{"line":27,"column":23},"end":{"line":27,"column":24}},"loc":{"start":{"line":27,"column":47},"end":{"line":30,"column":null}}},"5":{"name":"(anonymous_8)","decl":{"start":{"line":51,"column":39},"end":{"line":51,"column":40}},"loc":{"start":{"line":52,"column":14},"end":{"line":52,"column":30}}},"6":{"name":"(anonymous_9)","decl":{"start":{"line":59,"column":23},"end":{"line":59,"column":24}},"loc":{"start":{"line":60,"column":10},"end":{"line":60,"column":null}}},"7":{"name":"(anonymous_10)","decl":{"start":{"line":72,"column":24},"end":{"line":72,"column":25}},"loc":{"start":{"line":72,"column":31},"end":{"line":72,"column":null}}}},"branchMap":{},"s":{"0":0,"1":0,"2":0,"3":0,"4":0,"5":0,"6":0,"7":0,"8":0,"9":0,"10":0,"11":0,"12":0,"13":0,"14":0,"15":0,"16":0,"17":0,"18":0,"19":0},"f":{"0":0,"1":0,"2":0,"3":0,"4":0,"5":0,"6":0,"7":0},"b":{}}
,"/Users/mert/Desktop/SENSORY-MINDS/conference-bingo/src/components/RandomNumberModule.tsx": {"path":"/Users/mert/Desktop/SENSORY-MINDS/conference-bingo/src/components/RandomNumberModule.tsx","statementMap":{"0":{"start":{"line":38,"column":0},"end":{"line":38,"column":15}},"1":{"start":{"line":2,"column":32},"end":{"line":2,"column":null}},"2":{"start":{"line":4,"column":27},"end":{"line":4,"column":null}},"3":{"start":{"line":10,"column":62},"end":{"line":36,"column":null}},"4":{"start":{"line":13,"column":44},"end":{"line":13,"column":null}},"5":{"start":{"line":15,"column":31},"end":{"line":18,"column":null}},"6":{"start":{"line":16,"column":25},"end":{"line":16,"column":null}},"7":{"start":{"line":17,"column":4},"end":{"line":17,"column":null}},"8":{"start":{"line":38,"column":15},"end":{"line":38,"column":null}}},"fnMap":{"0":{"name":"(anonymous_0)","decl":{"start":{"line":38,"column":0},"end":{"line":38,"column":15}},"loc":{"start":{"line":38,"column":0},"end":{"line":38,"column":15}}},"1":{"name":"(anonymous_4)","decl":{"start":{"line":10,"column":62},"end":{"line":10,"column":63}},"loc":{"start":{"line":12,"column":6},"end":{"line":36,"column":null}}},"2":{"name":"(anonymous_5)","decl":{"start":{"line":15,"column":31},"end":{"line":15,"column":37}},"loc":{"start":{"line":15,"column":37},"end":{"line":18,"column":null}}}},"branchMap":{},"s":{"0":0,"1":0,"2":0,"3":0,"4":0,"5":0,"6":0,"7":0,"8":0},"f":{"0":0,"1":0,"2":0},"b":{}}
,"/Users/mert/Desktop/SENSORY-MINDS/conference-bingo/src/components/Typography.tsx": {"path":"/Users/mert/Desktop/SENSORY-MINDS/conference-bingo/src/components/Typography.tsx","statementMap":{"0":{"start":{"line":56,"column":13},"end":{"line":56,"column":26}},"1":{"start":{"line":2,"column":18},"end":{"line":2,"column":null}},"2":{"start":{"line":21,"column":43},"end":{"line":30,"column":null}},"3":{"start":{"line":44,"column":39},"end":{"line":54,"column":null}},"4":{"start":{"line":56,"column":26},"end":{"line":61,"column":null}},"5":{"start":{"line":57,"column":22},"end":{"line":57,"column":36}},"6":{"start":{"line":58,"column":14},"end":{"line":58,"column":33}}},"fnMap":{"0":{"name":"(anonymous_0)","decl":{"start":{"line":56,"column":13},"end":{"line":56,"column":26}},"loc":{"start":{"line":56,"column":13},"end":{"line":56,"column":26}}},"1":{"name":"(anonymous_2)","decl":{"start":{"line":56,"column":26},"end":{"line":56,"column":27}},"loc":{"start":{"line":56,"column":75},"end":{"line":61,"column":null}}}},"branchMap":{"0":{"loc":{"start":{"line":58,"column":14},"end":{"line":58,"column":33}},"type":"binary-expr","locations":[{"start":{"line":58,"column":14},"end":{"line":58,"column":20}},{"start":{"line":58,"column":20},"end":{"line":58,"column":33}}]}},"s":{"0":0,"1":0,"2":0,"3":0,"4":0,"5":0,"6":0},"f":{"0":0,"1":0},"b":{"0":[0,0]}}
,"/Users/mert/Desktop/SENSORY-MINDS/conference-bingo/src/components/VisualReward.tsx": {"path":"/Users/mert/Desktop/SENSORY-MINDS/conference-bingo/src/components/VisualReward.tsx","statementMap":{"0":{"start":{"line":19,"column":0},"end":{"line":19,"column":15}},"1":{"start":{"line":1,"column":18},"end":{"line":1,"column":null}},"2":{"start":{"line":7,"column":50},"end":{"line":17,"column":null}},"3":{"start":{"line":19,"column":15},"end":{"line":19,"column":null}}},"fnMap":{"0":{"name":"(anonymous_0)","decl":{"start":{"line":19,"column":0},"end":{"line":19,"column":15}},"loc":{"start":{"line":19,"column":0},"end":{"line":19,"column":15}}},"1":{"name":"(anonymous_2)","decl":{"start":{"line":7,"column":50},"end":{"line":7,"column":51}},"loc":{"start":{"line":7,"column":66},"end":{"line":17,"column":null}}}},"branchMap":{},"s":{"0":0,"1":0,"2":0,"3":0},"f":{"0":0,"1":0},"b":{}}
,"/Users/mert/Desktop/SENSORY-MINDS/conference-bingo/src/components/YoutubeEmbed.tsx": {"path":"/Users/mert/Desktop/SENSORY-MINDS/conference-bingo/src/components/YoutubeEmbed.tsx","statementMap":{"0":{"start":{"line":26,"column":0},"end":{"line":26,"column":15}},"1":{"start":{"line":3,"column":7},"end":{"line":3,"column":null}},"2":{"start":{"line":5,"column":18},"end":{"line":5,"column":null}},"3":{"start":{"line":26,"column":15},"end":{"line":26,"column":null}}},"fnMap":{"0":{"name":"(anonymous_0)","decl":{"start":{"line":26,"column":0},"end":{"line":26,"column":15}},"loc":{"start":{"line":26,"column":0},"end":{"line":26,"column":15}}}},"branchMap":{},"s":{"0":0,"1":0,"2":0,"3":0},"f":{"0":0},"b":{}}
,"/Users/mert/Desktop/SENSORY-MINDS/conference-bingo/src/helpers/BingoGame.ts": {"path":"/Users/mert/Desktop/SENSORY-MINDS/conference-bingo/src/helpers/BingoGame.ts","statementMap":{"0":{"start":{"line":197,"column":0},"end":{"line":197,"column":15}},"1":{"start":{"line":4,"column":24},"end":{"line":4,"column":null}},"2":{"start":{"line":12,"column":22},"end":{"line":12,"column":24}},"3":{"start":{"line":14,"column":23},"end":{"line":14,"column":25}},"4":{"start":{"line":18,"column":40},"end":{"line":18,"column":42}},"5":{"start":{"line":20,"column":44},"end":{"line":20,"column":46}},"6":{"start":{"line":24,"column":26},"end":{"line":24,"column":76}},"7":{"start":{"line":26,"column":41},"end":{"line":26,"column":43}},"8":{"start":{"line":28,"column":34},"end":{"line":28,"column":36}},"9":{"start":{"line":30,"column":41},"end":{"line":30,"column":43}},"10":{"start":{"line":33,"column":4},"end":{"line":35,"column":5}},"11":{"start":{"line":34,"column":6},"end":{"line":34,"column":61}},"12":{"start":{"line":37,"column":4},"end":{"line":38,"column":null}},"13":{"start":{"line":41,"column":4},"end":{"line":41,"column":null}},"14":{"start":{"line":46,"column":6},"end":{"line":46,"column":57}},"15":{"start":{"line":48,"column":4},"end":{"line":50,"column":null}},"16":{"start":{"line":50,"column":16},"end":{"line":50,"column":null}},"17":{"start":{"line":53,"column":4},"end":{"line":53,"column":null}},"18":{"start":{"line":54,"column":4},"end":{"line":54,"column":null}},"19":{"start":{"line":56,"column":4},"end":{"line":58,"column":null}},"20":{"start":{"line":56,"column":17},"end":{"line":56,"column":20}},"21":{"start":{"line":57,"column":6},"end":{"line":57,"column":null}},"22":{"start":{"line":62,"column":34},"end":{"line":62,"column":36}},"23":{"start":{"line":63,"column":25},"end":{"line":63,"column":null}},"24":{"start":{"line":64,"column":28},"end":{"line":64,"column":null}},"25":{"start":{"line":66,"column":4},"end":{"line":81,"column":null}},"26":{"start":{"line":66,"column":19},"end":{"line":66,"column":22}},"27":{"start":{"line":67,"column":39},"end":{"line":67,"column":41}},"28":{"start":{"line":68,"column":6},"end":{"line":79,"column":null}},"29":{"start":{"line":68,"column":21},"end":{"line":68,"column":24}},"30":{"start":{"line":69,"column":8},"end":{"line":78,"column":9}},"31":{"start":{"line":70,"column":10},"end":{"line":70,"column":null}},"32":{"start":{"line":72,"column":31},"end":{"line":72,"column":null}},"33":{"start":{"line":73,"column":29},"end":{"line":73,"column":null}},"34":{"start":{"line":74,"column":10},"end":{"line":77,"column":null}},"35":{"start":{"line":80,"column":6},"end":{"line":80,"column":null}},"36":{"start":{"line":83,"column":4},"end":{"line":83,"column":null}},"37":{"start":{"line":87,"column":44},"end":{"line":87,"column":46}},"38":{"start":{"line":90,"column":4},"end":{"line":96,"column":null}},"39":{"start":{"line":90,"column":17},"end":{"line":90,"column":20}},"40":{"start":{"line":91,"column":18},"end":{"line":91,"column":20}},"41":{"start":{"line":92,"column":6},"end":{"line":94,"column":null}},"42":{"start":{"line":92,"column":19},"end":{"line":92,"column":22}},"43":{"start":{"line":93,"column":8},"end":{"line":93,"column":null}},"44":{"start":{"line":95,"column":6},"end":{"line":95,"column":null}},"45":{"start":{"line":99,"column":4},"end":{"line":105,"column":null}},"46":{"start":{"line":99,"column":17},"end":{"line":99,"column":20}},"47":{"start":{"line":100,"column":18},"end":{"line":100,"column":20}},"48":{"start":{"line":101,"column":6},"end":{"line":103,"column":null}},"49":{"start":{"line":101,"column":19},"end":{"line":101,"column":22}},"50":{"start":{"line":102,"column":8},"end":{"line":102,"column":null}},"51":{"start":{"line":104,"column":6},"end":{"line":104,"column":null}},"52":{"start":{"line":108,"column":18},"end":{"line":108,"column":20}},"53":{"start":{"line":109,"column":18},"end":{"line":109,"column":20}},"54":{"start":{"line":110,"column":4},"end":{"line":113,"column":null}},"55":{"start":{"line":110,"column":17},"end":{"line":110,"column":20}},"56":{"start":{"line":111,"column":6},"end":{"line":111,"column":null}},"57":{"start":{"line":112,"column":6},"end":{"line":112,"column":null}},"58":{"start":{"line":114,"column":4},"end":{"line":114,"column":null}},"59":{"start":{"line":116,"column":4},"end":{"line":116,"column":null}},"60":{"start":{"line":120,"column":23},"end":{"line":120,"column":33}},"61":{"start":{"line":123,"column":4},"end":{"line":129,"column":null}},"62":{"start":{"line":124,"column":6},"end":{"line":124,"column":null}},"63":{"start":{"line":125,"column":6},"end":{"line":125,"column":null}},"64":{"start":{"line":126,"column":6},"end":{"line":126,"column":null}},"65":{"start":{"line":127,"column":6},"end":{"line":127,"column":null}},"66":{"start":{"line":128,"column":6},"end":{"line":128,"column":null}},"67":{"start":{"line":130,"column":4},"end":{"line":130,"column":null}},"68":{"start":{"line":134,"column":20},"end":{"line":135,"column":null}},"69":{"start":{"line":135,"column":15},"end":{"line":135,"column":null}},"70":{"start":{"line":138,"column":24},"end":{"line":138,"column":null}},"71":{"start":{"line":139,"column":22},"end":{"line":139,"column":42}},"72":{"start":{"line":141,"column":4},"end":{"line":141,"column":null}},"73":{"start":{"line":143,"column":4},"end":{"line":143,"column":null}},"74":{"start":{"line":147,"column":4},"end":{"line":147,"column":null}},"75":{"start":{"line":152,"column":22},"end":{"line":152,"column":48}},"76":{"start":{"line":155,"column":30},"end":{"line":155,"column":null}},"77":{"start":{"line":155,"column":62},"end":{"line":155,"column":73}},"78":{"start":{"line":158,"column":37},"end":{"line":158,"column":null}},"79":{"start":{"line":161,"column":36},"end":{"line":163,"column":null}},"80":{"start":{"line":163,"column":8},"end":{"line":163,"column":null}},"81":{"start":{"line":163,"column":37},"end":{"line":163,"column":70}},"82":{"start":{"line":167,"column":32},"end":{"line":168,"column":null}},"83":{"start":{"line":168,"column":6},"end":{"line":168,"column":null}},"84":{"start":{"line":168,"column":35},"end":{"line":168,"column":55}},"85":{"start":{"line":172,"column":4},"end":{"line":174,"column":5}},"86":{"start":{"line":173,"column":6},"end":{"line":173,"column":null}},"87":{"start":{"line":177,"column":4},"end":{"line":177,"column":null}},"88":{"start":{"line":181,"column":4},"end":{"line":181,"column":null}},"89":{"start":{"line":185,"column":4},"end":{"line":185,"column":null}},"90":{"start":{"line":189,"column":4},"end":{"line":189,"column":null}},"91":{"start":{"line":193,"column":4},"end":{"line":193,"column":null}},"92":{"start":{"line":197,"column":15},"end":{"line":197,"column":null}}},"fnMap":{"0":{"name":"(anonymous_0)","decl":{"start":{"line":197,"column":0},"end":{"line":197,"column":15}},"loc":{"start":{"line":197,"column":0},"end":{"line":197,"column":15}}},"1":{"name":"(anonymous_1)","decl":{"start":{"line":32,"column":2},"end":{"line":32,"column":14}},"loc":{"start":{"line":32,"column":36},"end":{"line":59,"column":null}}},"2":{"name":"(anonymous_2)","decl":{"start":{"line":50,"column":6},"end":{"line":50,"column":7}},"loc":{"start":{"line":50,"column":16},"end":{"line":50,"column":null}}},"3":{"name":"(anonymous_3)","decl":{"start":{"line":61,"column":10},"end":{"line":61,"column":42}},"loc":{"start":{"line":61,"column":42},"end":{"line":84,"column":null}}},"4":{"name":"(anonymous_4)","decl":{"start":{"line":86,"column":2},"end":{"line":86,"column":9}},"loc":{"start":{"line":86,"column":75},"end":{"line":117,"column":null}}},"5":{"name":"(anonymous_5)","decl":{"start":{"line":119,"column":2},"end":{"line":119,"column":9}},"loc":{"start":{"line":119,"column":40},"end":{"line":131,"column":null}}},"6":{"name":"(anonymous_6)","decl":{"start":{"line":133,"column":10},"end":{"line":133,"column":50}},"loc":{"start":{"line":133,"column":50},"end":{"line":144,"column":null}}},"7":{"name":"(anonymous_7)","decl":{"start":{"line":135,"column":6},"end":{"line":135,"column":7}},"loc":{"start":{"line":135,"column":15},"end":{"line":135,"column":null}}},"8":{"name":"(anonymous_8)","decl":{"start":{"line":146,"column":9},"end":{"line":146,"column":46}},"loc":{"start":{"line":146,"column":46},"end":{"line":148,"column":null}}},"9":{"name":"(anonymous_9)","decl":{"start":{"line":150,"column":9},"end":{"line":150,"column":24}},"loc":{"start":{"line":150,"column":75},"end":{"line":178,"column":null}}},"10":{"name":"(anonymous_10)","decl":{"start":{"line":155,"column":52},"end":{"line":155,"column":53}},"loc":{"start":{"line":155,"column":62},"end":{"line":155,"column":73}}},"11":{"name":"(anonymous_11)","decl":{"start":{"line":162,"column":6},"end":{"line":162,"column":7}},"loc":{"start":{"line":163,"column":8},"end":{"line":163,"column":null}}},"12":{"name":"(anonymous_12)","decl":{"start":{"line":163,"column":26},"end":{"line":163,"column":27}},"loc":{"start":{"line":163,"column":37},"end":{"line":163,"column":70}}},"13":{"name":"(anonymous_13)","decl":{"start":{"line":167,"column":63},"end":{"line":167,"column":64}},"loc":{"start":{"line":168,"column":6},"end":{"line":168,"column":null}}},"14":{"name":"(anonymous_14)","decl":{"start":{"line":168,"column":24},"end":{"line":168,"column":25}},"loc":{"start":{"line":168,"column":35},"end":{"line":168,"column":55}}},"15":{"name":"(anonymous_15)","decl":{"start":{"line":180,"column":9},"end":{"line":180,"column":36}},"loc":{"start":{"line":180,"column":36},"end":{"line":182,"column":null}}},"16":{"name":"(anonymous_16)","decl":{"start":{"line":184,"column":9},"end":{"line":184,"column":32}},"loc":{"start":{"line":184,"column":32},"end":{"line":186,"column":null}}},"17":{"name":"(anonymous_17)","decl":{"start":{"line":188,"column":9},"end":{"line":188,"column":43}},"loc":{"start":{"line":188,"column":43},"end":{"line":190,"column":null}}},"18":{"name":"(anonymous_18)","decl":{"start":{"line":192,"column":9},"end":{"line":192,"column":35}},"loc":{"start":{"line":192,"column":35},"end":{"line":194,"column":null}}}},"branchMap":{"0":{"loc":{"start":{"line":33,"column":4},"end":{"line":35,"column":5}},"type":"if","locations":[{"start":{"line":33,"column":4},"end":{"line":35,"column":5}}]},"1":{"loc":{"start":{"line":69,"column":8},"end":{"line":78,"column":9}},"type":"if","locations":[{"start":{"line":69,"column":8},"end":{"line":78,"column":9}},{"start":{"line":71,"column":15},"end":{"line":78,"column":9}}]},"2":{"loc":{"start":{"line":69,"column":12},"end":{"line":69,"column":68}},"type":"binary-expr","locations":[{"start":{"line":69,"column":12},"end":{"line":69,"column":38}},{"start":{"line":69,"column":42},"end":{"line":69,"column":68}}]},"3":{"loc":{"start":{"line":172,"column":4},"end":{"line":174,"column":5}},"type":"if","locations":[{"start":{"line":172,"column":4},"end":{"line":174,"column":5}}]}},"s":{"0":9,"1":1,"2":8,"3":8,"4":8,"5":8,"6":8,"7":8,"8":8,"9":8,"10":8,"11":1,"12":7,"13":7,"14":7,"15":7,"16":625,"17":7,"18":7,"19":7,"20":7,"21":25,"22":25,"23":25,"24":25,"25":25,"26":25,"27":125,"28":125,"29":125,"30":625,"31":0,"32":625,"33":625,"34":625,"35":125,"36":25,"37":7,"38":7,"39":7,"40":35,"41":35,"42":35,"43":175,"44":35,"45":7,"46":7,"47":35,"48":35,"49":35,"50":175,"51":35,"52":7,"53":7,"54":7,"55":7,"56":35,"57":35,"58":7,"59":7,"60":32,"61":32,"62":6125,"63":6125,"64":6125,"65":6125,"66":6125,"67":32,"68":625,"69":60625,"70":625,"71":625,"72":625,"73":625,"74":2,"75":1,"76":1,"77":25,"78":1,"79":1,"80":12,"81":60,"82":1,"83":12,"84":60,"85":1,"86":1,"87":1,"88":1,"89":1,"90":1,"91":0,"92":1},"f":{"0":9,"1":8,"2":625,"3":25,"4":7,"5":32,"6":625,"7":60625,"8":2,"9":1,"10":25,"11":12,"12":60,"13":12,"14":60,"15":1,"16":1,"17":1,"18":0},"b":{"0":[1],"1":[0,625],"2":[625,0],"3":[1]}}
,"/Users/mert/Desktop/SENSORY-MINDS/conference-bingo/src/helpers/checkForWin.ts": {"path":"/Users/mert/Desktop/SENSORY-MINDS/conference-bingo/src/helpers/checkForWin.ts","statementMap":{"0":{"start":{"line":36,"column":13},"end":{"line":36,"column":27}},"1":{"start":{"line":3,"column":36},"end":{"line":34,"column":null}},"2":{"start":{"line":4,"column":42},"end":{"line":4,"column":44}},"3":{"start":{"line":7,"column":2},"end":{"line":13,"column":null}},"4":{"start":{"line":7,"column":15},"end":{"line":7,"column":18}},"5":{"start":{"line":8,"column":16},"end":{"line":8,"column":18}},"6":{"start":{"line":9,"column":4},"end":{"line":11,"column":null}},"7":{"start":{"line":9,"column":17},"end":{"line":9,"column":20}},"8":{"start":{"line":10,"column":6},"end":{"line":10,"column":null}},"9":{"start":{"line":12,"column":4},"end":{"line":12,"column":null}},"10":{"start":{"line":16,"column":2},"end":{"line":22,"column":null}},"11":{"start":{"line":16,"column":15},"end":{"line":16,"column":18}},"12":{"start":{"line":17,"column":16},"end":{"line":17,"column":18}},"13":{"start":{"line":18,"column":4},"end":{"line":20,"column":null}},"14":{"start":{"line":18,"column":17},"end":{"line":18,"column":20}},"15":{"start":{"line":19,"column":6},"end":{"line":19,"column":null}},"16":{"start":{"line":21,"column":4},"end":{"line":21,"column":null}},"17":{"start":{"line":25,"column":16},"end":{"line":25,"column":18}},"18":{"start":{"line":26,"column":16},"end":{"line":26,"column":18}},"19":{"start":{"line":27,"column":2},"end":{"line":30,"column":null}},"20":{"start":{"line":27,"column":15},"end":{"line":27,"column":18}},"21":{"start":{"line":28,"column":4},"end":{"line":28,"column":null}},"22":{"start":{"line":29,"column":4},"end":{"line":29,"column":null}},"23":{"start":{"line":31,"column":2},"end":{"line":31,"column":null}},"24":{"start":{"line":33,"column":2},"end":{"line":33,"column":null}},"25":{"start":{"line":36,"column":27},"end":{"line":48,"column":null}},"26":{"start":{"line":40,"column":30},"end":{"line":40,"column":null}},"27":{"start":{"line":42,"column":2},"end":{"line":46,"column":null}},"28":{"start":{"line":43,"column":4},"end":{"line":45,"column":5}},"29":{"start":{"line":43,"column":37},"end":{"line":43,"column":57}},"30":{"start":{"line":44,"column":6},"end":{"line":44,"column":null}},"31":{"start":{"line":47,"column":2},"end":{"line":47,"column":null}}},"fnMap":{"0":{"name":"(anonymous_0)","decl":{"start":{"line":36,"column":13},"end":{"line":36,"column":27}},"loc":{"start":{"line":36,"column":13},"end":{"line":36,"column":27}}},"1":{"name":"(anonymous_1)","decl":{"start":{"line":3,"column":36},"end":{"line":3,"column":37}},"loc":{"start":{"line":3,"column":78},"end":{"line":34,"column":null}}},"2":{"name":"(anonymous_2)","decl":{"start":{"line":36,"column":27},"end":{"line":36,"column":null}},"loc":{"start":{"line":39,"column":14},"end":{"line":48,"column":null}}},"3":{"name":"(anonymous_3)","decl":{"start":{"line":43,"column":26},"end":{"line":43,"column":27}},"loc":{"start":{"line":43,"column":37},"end":{"line":43,"column":57}}}},"branchMap":{"0":{"loc":{"start":{"line":43,"column":4},"end":{"line":45,"column":5}},"type":"if","locations":[{"start":{"line":43,"column":4},"end":{"line":45,"column":5}}]}},"s":{"0":0,"1":0,"2":0,"3":0,"4":0,"5":0,"6":0,"7":0,"8":0,"9":0,"10":0,"11":0,"12":0,"13":0,"14":0,"15":0,"16":0,"17":0,"18":0,"19":0,"20":0,"21":0,"22":0,"23":0,"24":0,"25":0,"26":0,"27":0,"28":0,"29":0,"30":0,"31":0},"f":{"0":0,"1":0,"2":0,"3":0},"b":{"0":[0]}}
,"/Users/mert/Desktop/SENSORY-MINDS/conference-bingo/src/helpers/generateBingoCards.ts": {"path":"/Users/mert/Desktop/SENSORY-MINDS/conference-bingo/src/helpers/generateBingoCards.ts","statementMap":{"0":{"start":{"line":1,"column":13},"end":{"line":1,"column":34}},"1":{"start":{"line":1,"column":34},"end":{"line":15,"column":null}},"2":{"start":{"line":2,"column":34},"end":{"line":2,"column":36}},"3":{"start":{"line":4,"column":2},"end":{"line":12,"column":null}},"4":{"start":{"line":7,"column":30},"end":{"line":8,"column":null}},"5":{"start":{"line":8,"column":14},"end":{"line":8,"column":null}},"6":{"start":{"line":10,"column":19},"end":{"line":10,"column":null}},"7":{"start":{"line":11,"column":6},"end":{"line":11,"column":null}},"8":{"start":{"line":14,"column":2},"end":{"line":14,"column":null}}},"fnMap":{"0":{"name":"(anonymous_0)","decl":{"start":{"line":1,"column":13},"end":{"line":1,"column":34}},"loc":{"start":{"line":1,"column":13},"end":{"line":1,"column":34}}},"1":{"name":"(anonymous_1)","decl":{"start":{"line":1,"column":34},"end":{"line":1,"column":35}},"loc":{"start":{"line":1,"column":77},"end":{"line":15,"column":null}}},"2":{"name":"(anonymous_2)","decl":{"start":{"line":6,"column":13},"end":{"line":6,"column":19}},"loc":{"start":{"line":6,"column":19},"end":{"line":12,"column":null}}},"3":{"name":"(anonymous_3)","decl":{"start":{"line":8,"column":8},"end":{"line":8,"column":14}},"loc":{"start":{"line":8,"column":14},"end":{"line":8,"column":null}}}},"branchMap":{},"s":{"0":0,"1":0,"2":0,"3":0,"4":0,"5":0,"6":0,"7":0,"8":0},"f":{"0":0,"1":0,"2":0,"3":0},"b":{}}
,"/Users/mert/Desktop/SENSORY-MINDS/conference-bingo/src/helpers/phrases.ts": {"path":"/Users/mert/Desktop/SENSORY-MINDS/conference-bingo/src/helpers/phrases.ts","statementMap":{"0":{"start":{"line":1,"column":13},"end":{"line":1,"column":36}},"1":{"start":{"line":1,"column":36},"end":{"line":222,"column":null}}},"fnMap":{"0":{"name":"(anonymous_0)","decl":{"start":{"line":1,"column":13},"end":{"line":1,"column":36}},"loc":{"start":{"line":1,"column":13},"end":{"line":1,"column":36}}}},"branchMap":{},"s":{"0":25,"1":1},"f":{"0":25},"b":{}}
,"/Users/mert/Desktop/SENSORY-MINDS/conference-bingo/src/layouts/Meta.tsx": {"path":"/Users/mert/Desktop/SENSORY-MINDS/conference-bingo/src/layouts/Meta.tsx","statementMap":{"0":{"start":{"line":66,"column":9},"end":{"line":66,"column":null}},"1":{"start":{"line":1,"column":17},"end":{"line":1,"column":null}},"2":{"start":{"line":2,"column":26},"end":{"line":2,"column":null}},"3":{"start":{"line":3,"column":24},"end":{"line":3,"column":null}},"4":{"start":{"line":5,"column":26},"end":{"line":5,"column":null}},"5":{"start":{"line":13,"column":13},"end":{"line":64,"column":null}},"6":{"start":{"line":14,"column":17},"end":{"line":14,"column":null}}},"fnMap":{"0":{"name":"(anonymous_0)","decl":{"start":{"line":66,"column":9},"end":{"line":66,"column":null}},"loc":{"start":{"line":66,"column":9},"end":{"line":66,"column":null}}},"1":{"name":"(anonymous_2)","decl":{"start":{"line":13,"column":13},"end":{"line":13,"column":14}},"loc":{"start":{"line":13,"column":36},"end":{"line":64,"column":null}}}},"branchMap":{},"s":{"0":0,"1":0,"2":0,"3":0,"4":0,"5":0,"6":0},"f":{"0":0,"1":0},"b":{}}
,"/Users/mert/Desktop/SENSORY-MINDS/conference-bingo/src/pages/index.tsx": {"path":"/Users/mert/Desktop/SENSORY-MINDS/conference-bingo/src/pages/index.tsx","statementMap":{"0":{"start":{"line":41,"column":0},"end":{"line":41,"column":15}},"1":{"start":{"line":3,"column":7},"end":{"line":3,"column":null}},"2":{"start":{"line":5,"column":25},"end":{"line":5,"column":null}},"3":{"start":{"line":7,"column":21},"end":{"line":7,"column":null}},"4":{"start":{"line":8,"column":27},"end":{"line":8,"column":null}},"5":{"start":{"line":9,"column":25},"end":{"line":9,"column":null}},"6":{"start":{"line":10,"column":21},"end":{"line":10,"column":null}},"7":{"start":{"line":11,"column":21},"end":{"line":11,"column":null}},"8":{"start":{"line":12,"column":28},"end":{"line":12,"column":null}},"9":{"start":{"line":14,"column":14},"end":{"line":39,"column":null}},"10":{"start":{"line":15,"column":36},"end":{"line":15,"column":null}},"11":{"start":{"line":16,"column":26},"end":{"line":16,"column":null}},"12":{"start":{"line":41,"column":15},"end":{"line":41,"column":null}}},"fnMap":{"0":{"name":"(anonymous_0)","decl":{"start":{"line":41,"column":0},"end":{"line":41,"column":15}},"loc":{"start":{"line":41,"column":0},"end":{"line":41,"column":15}}},"1":{"name":"(anonymous_2)","decl":{"start":{"line":14,"column":14},"end":{"line":14,"column":20}},"loc":{"start":{"line":14,"column":20},"end":{"line":39,"column":null}}}},"branchMap":{"0":{"loc":{"start":{"line":34,"column":11},"end":{"line":34,"column":29}},"type":"binary-expr","locations":[{"start":{"line":34,"column":11},"end":{"line":34,"column":29}}]}},"s":{"0":0,"1":0,"2":0,"3":0,"4":0,"5":0,"6":0,"7":0,"8":0,"9":0,"10":0,"11":0,"12":0},"f":{"0":0,"1":0},"b":{"0":[0]}}
,"/Users/mert/Desktop/SENSORY-MINDS/conference-bingo/src/templates/Main.tsx": {"path":"/Users/mert/Desktop/SENSORY-MINDS/conference-bingo/src/templates/Main.tsx","statementMap":{"0":{"start":{"line":18,"column":9},"end":{"line":18,"column":null}}},"fnMap":{"0":{"name":"(anonymous_0)","decl":{"start":{"line":18,"column":9},"end":{"line":18,"column":null}},"loc":{"start":{"line":18,"column":9},"end":{"line":18,"column":null}}}},"branchMap":{},"s":{"0":0},"f":{"0":0},"b":{}}
,"/Users/mert/Desktop/SENSORY-MINDS/conference-bingo/src/utils/AppConfig.ts": {"path":"/Users/mert/Desktop/SENSORY-MINDS/conference-bingo/src/utils/AppConfig.ts","statementMap":{"0":{"start":{"line":3,"column":13},"end":{"line":3,"column":25}},"1":{"start":{"line":3,"column":25},"end":{"line":8,"column":null}}},"fnMap":{"0":{"name":"(anonymous_0)","decl":{"start":{"line":3,"column":13},"end":{"line":3,"column":25}},"loc":{"start":{"line":3,"column":13},"end":{"line":3,"column":25}}}},"branchMap":{},"s":{"0":0,"1":0},"f":{"0":0},"b":{}}
,"/Users/mert/Desktop/SENSORY-MINDS/conference-bingo/src/utils/contexts.ts": {"path":"/Users/mert/Desktop/SENSORY-MINDS/conference-bingo/src/utils/contexts.ts","statementMap":{"0":{"start":{"line":6,"column":13},"end":{"line":6,"column":27}},"1":{"start":{"line":2,"column":30},"end":{"line":2,"column":null}},"2":{"start":{"line":4,"column":22},"end":{"line":4,"column":null}},"3":{"start":{"line":6,"column":27},"end":{"line":12,"column":null}}},"fnMap":{"0":{"name":"(anonymous_0)","decl":{"start":{"line":6,"column":13},"end":{"line":6,"column":27}},"loc":{"start":{"line":6,"column":13},"end":{"line":6,"column":27}}},"1":{"name":"(anonymous_2)","decl":{"start":{"line":8,"column":16},"end":{"line":8,"column":17}},"loc":{"start":{"line":8,"column":32},"end":{"line":8,"column":null}}},"2":{"name":"(anonymous_3)","decl":{"start":{"line":11,"column":11},"end":{"line":11,"column":12}},"loc":{"start":{"line":11,"column":29},"end":{"line":11,"column":null}}}},"branchMap":{},"s":{"0":0,"1":0,"2":0,"3":0},"f":{"0":0,"1":0,"2":0},"b":{}}
}
