TN:
SF:src/components/BingoApp.tsx
FN:78,(anonymous_0)
FN:15,(anonymous_5)
FN:21,(anonymous_6)
FN:53,(anonymous_7)
FNF:4
FNH:0
FNDA:0,(anonymous_0)
FNDA:0,(anonymous_5)
FNDA:0,(anonymous_6)
FNDA:0,(anonymous_7)
DA:4,0
DA:6,0
DA:8,0
DA:10,0
DA:11,0
DA:12,0
DA:13,0
DA:15,0
DA:16,0
DA:19,0
DA:21,0
DA:22,0
DA:24,0
DA:25,0
DA:27,0
DA:54,0
DA:78,0
LF:17
LH:0
BRDA:22,0,0,0
BRDA:22,1,0,0
BRDA:22,1,1,0
BRDA:47,2,0,0
BRDA:47,2,1,0
BRDA:48,3,0,0
BRDA:48,3,1,0
BRF:7
BRH:0
end_of_record
TN:
SF:src/components/BingoCard.tsx
FN:126,(anonymous_0)
FN:15,(anonymous_5)
FN:18,(anonymous_6)
FN:26,(anonymous_7)
FN:42,(anonymous_8)
FN:45,(anonymous_9)
FN:59,(anonymous_10)
FN:62,(anonymous_11)
FN:81,(anonymous_12)
FN:82,(anonymous_13)
FN:92,(anonymous_14)
FN:98,(anonymous_15)
FNF:12
FNH:0
FNDA:0,(anonymous_0)
FNDA:0,(anonymous_5)
FNDA:0,(anonymous_6)
FNDA:0,(anonymous_7)
FNDA:0,(anonymous_8)
FNDA:0,(anonymous_9)
FNDA:0,(anonymous_10)
FNDA:0,(anonymous_11)
FNDA:0,(anonymous_12)
FNDA:0,(anonymous_13)
FNDA:0,(anonymous_14)
FNDA:0,(anonymous_15)
DA:2,0
DA:3,0
DA:6,0
DA:8,0
DA:15,0
DA:16,0
DA:18,0
DA:19,0
DA:22,0
DA:23,0
DA:26,0
DA:27,0
DA:28,0
DA:29,0
DA:32,0
DA:34,0
DA:43,0
DA:44,0
DA:45,0
DA:46,0
DA:60,0
DA:62,0
DA:63,0
DA:66,0
DA:67,0
DA:69,0
DA:70,0
DA:80,0
DA:81,0
DA:82,0
DA:93,0
DA:99,0
DA:126,0
LF:33
LH:0
BRDA:32,0,0,0
BRDA:43,1,0,0
BRDA:60,2,0,0
BRDA:66,3,0,0
BRDA:69,4,0,0
BRDA:87,5,0,0
BRDA:87,5,1,0
BRDA:88,6,0,0
BRDA:88,6,1,0
BRDA:89,7,0,0
BRDA:89,7,1,0
BRDA:96,8,0,0
BRDA:96,8,1,0
BRDA:99,9,0,0
BRDA:99,9,1,0
BRDA:103,10,0,0
BRDA:103,10,1,0
BRDA:109,11,0,0
BRDA:109,11,1,0
BRF:19
BRH:0
end_of_record
TN:
SF:src/components/Board.tsx
FN:28,(anonymous_0)
FN:11,(anonymous_2)
FN:14,(anonymous_3)
FN:15,(anonymous_4)
FN:20,(anonymous_5)
FNF:5
FNH:0
FNDA:0,(anonymous_0)
FNDA:0,(anonymous_2)
FNDA:0,(anonymous_3)
FNDA:0,(anonymous_4)
FNDA:0,(anonymous_5)
DA:1,0
DA:3,0
DA:11,0
DA:15,0
DA:16,0
DA:20,0
DA:28,0
LF:7
LH:0
BRDA:19,0,0,0
BRDA:19,0,1,0
BRF:2
BRH:0
end_of_record
TN:
SF:src/components/Cell.tsx
FN:22,(anonymous_0)
FN:9,(anonymous_2)
FNF:2
FNH:0
FNDA:0,(anonymous_0)
FNDA:0,(anonymous_2)
DA:1,0
DA:9,0
DA:22,0
LF:3
LH:0
BRDA:13,0,0,0
BRDA:13,0,1,0
BRF:2
BRH:0
end_of_record
TN:
SF:src/components/PlayerSelection.tsx
FN:89,(anonymous_0)
FN:8,(anonymous_4)
FN:12,(anonymous_5)
FN:18,(anonymous_6)
FN:27,(anonymous_7)
FN:51,(anonymous_8)
FN:59,(anonymous_9)
FN:72,(anonymous_10)
FNF:8
FNH:0
FNDA:0,(anonymous_0)
FNDA:0,(anonymous_4)
FNDA:0,(anonymous_5)
FNDA:0,(anonymous_6)
FNDA:0,(anonymous_7)
FNDA:0,(anonymous_8)
FNDA:0,(anonymous_9)
FNDA:0,(anonymous_10)
DA:2,0
DA:8,0
DA:9,0
DA:10,0
DA:12,0
DA:13,0
DA:14,0
DA:15,0
DA:18,0
DA:22,0
DA:23,0
DA:24,0
DA:27,0
DA:28,0
DA:29,0
DA:52,0
DA:60,0
DA:72,0
DA:89,0
LF:19
LH:0
BRF:0
BRH:0
end_of_record
TN:
SF:src/components/RandomNumberModule.tsx
FN:38,(anonymous_0)
FN:10,(anonymous_4)
FN:15,(anonymous_5)
FNF:3
FNH:0
FNDA:0,(anonymous_0)
FNDA:0,(anonymous_4)
FNDA:0,(anonymous_5)
DA:2,0
DA:4,0
DA:10,0
DA:13,0
DA:15,0
DA:16,0
DA:17,0
DA:38,0
LF:8
LH:0
BRF:0
BRH:0
end_of_record
TN:
SF:src/components/Typography.tsx
FN:56,(anonymous_0)
FN:56,(anonymous_2)
FNF:2
FNH:0
FNDA:0,(anonymous_0)
FNDA:0,(anonymous_2)
DA:2,0
DA:21,0
DA:44,0
DA:56,0
DA:57,0
DA:58,0
LF:6
LH:0
BRDA:58,0,0,0
BRDA:58,0,1,0
BRF:2
BRH:0
end_of_record
TN:
SF:src/components/VisualReward.tsx
FN:19,(anonymous_0)
FN:7,(anonymous_2)
FNF:2
FNH:0
FNDA:0,(anonymous_0)
FNDA:0,(anonymous_2)
DA:1,0
DA:7,0
DA:19,0
LF:3
LH:0
BRF:0
BRH:0
end_of_record
TN:
SF:src/components/YoutubeEmbed.tsx
FN:26,(anonymous_0)
FNF:1
FNH:0
FNDA:0,(anonymous_0)
DA:3,0
DA:5,0
DA:26,0
LF:3
LH:0
BRF:0
BRH:0
end_of_record
TN:
SF:src/helpers/BingoGame.ts
FN:197,(anonymous_0)
FN:32,(anonymous_1)
FN:50,(anonymous_2)
FN:61,(anonymous_3)
FN:86,(anonymous_4)
FN:119,(anonymous_5)
FN:133,(anonymous_6)
FN:135,(anonymous_7)
FN:146,(anonymous_8)
FN:150,(anonymous_9)
FN:155,(anonymous_10)
FN:162,(anonymous_11)
FN:163,(anonymous_12)
FN:167,(anonymous_13)
FN:168,(anonymous_14)
FN:180,(anonymous_15)
FN:184,(anonymous_16)
FN:188,(anonymous_17)
FN:192,(anonymous_18)
FNF:19
FNH:18
FNDA:9,(anonymous_0)
FNDA:8,(anonymous_1)
FNDA:625,(anonymous_2)
FNDA:25,(anonymous_3)
FNDA:7,(anonymous_4)
FNDA:32,(anonymous_5)
FNDA:625,(anonymous_6)
FNDA:60625,(anonymous_7)
FNDA:2,(anonymous_8)
FNDA:1,(anonymous_9)
FNDA:25,(anonymous_10)
FNDA:12,(anonymous_11)
FNDA:60,(anonymous_12)
FNDA:12,(anonymous_13)
FNDA:60,(anonymous_14)
FNDA:1,(anonymous_15)
FNDA:1,(anonymous_16)
FNDA:1,(anonymous_17)
FNDA:0,(anonymous_18)
DA:4,1
DA:12,8
DA:14,8
DA:18,8
DA:20,8
DA:24,8
DA:26,8
DA:28,8
DA:30,8
DA:33,8
DA:34,1
DA:37,7
DA:41,7
DA:46,7
DA:48,7
DA:50,625
DA:53,7
DA:54,7
DA:56,7
DA:57,25
DA:62,25
DA:63,25
DA:64,25
DA:66,25
DA:67,125
DA:68,125
DA:69,625
DA:70,0
DA:72,625
DA:73,625
DA:74,625
DA:80,125
DA:83,25
DA:87,7
DA:90,7
DA:91,35
DA:92,35
DA:93,175
DA:95,35
DA:99,7
DA:100,35
DA:101,35
DA:102,175
DA:104,35
DA:108,7
DA:109,7
DA:110,7
DA:111,35
DA:112,35
DA:114,7
DA:116,7
DA:120,32
DA:123,32
DA:124,6125
DA:125,6125
DA:126,6125
DA:127,6125
DA:128,6125
DA:130,32
DA:134,625
DA:135,60625
DA:138,625
DA:139,625
DA:141,625
DA:143,625
DA:147,2
DA:152,1
DA:155,25
DA:158,1
DA:161,1
DA:163,60
DA:167,1
DA:168,60
DA:172,1
DA:173,1
DA:177,1
DA:181,1
DA:185,1
DA:189,1
DA:193,0
DA:197,9
LF:81
LH:79
BRDA:33,0,0,1
BRDA:69,1,0,0
BRDA:69,1,1,625
BRDA:69,2,0,625
BRDA:69,2,1,0
BRDA:172,3,0,1
BRF:6
BRH:4
end_of_record
TN:
SF:src/helpers/checkForWin.ts
FN:36,(anonymous_0)
FN:3,(anonymous_1)
FN:36,(anonymous_2)
FN:43,(anonymous_3)
FNF:4
FNH:0
FNDA:0,(anonymous_0)
FNDA:0,(anonymous_1)
FNDA:0,(anonymous_2)
FNDA:0,(anonymous_3)
DA:3,0
DA:4,0
DA:7,0
DA:8,0
DA:9,0
DA:10,0
DA:12,0
DA:16,0
DA:17,0
DA:18,0
DA:19,0
DA:21,0
DA:25,0
DA:26,0
DA:27,0
DA:28,0
DA:29,0
DA:31,0
DA:33,0
DA:36,0
DA:40,0
DA:42,0
DA:43,0
DA:44,0
DA:47,0
LF:25
LH:0
BRDA:43,0,0,0
BRF:1
BRH:0
end_of_record
TN:
SF:src/helpers/generateBingoCards.ts
FN:1,(anonymous_0)
FN:1,(anonymous_1)
FN:6,(anonymous_2)
FN:8,(anonymous_3)
FNF:4
FNH:0
FNDA:0,(anonymous_0)
FNDA:0,(anonymous_1)
FNDA:0,(anonymous_2)
FNDA:0,(anonymous_3)
DA:1,0
DA:2,0
DA:4,0
DA:7,0
DA:8,0
DA:10,0
DA:11,0
DA:14,0
LF:8
LH:0
BRF:0
BRH:0
end_of_record
TN:
SF:src/helpers/phrases.ts
FN:1,(anonymous_0)
FNF:1
FNH:1
FNDA:25,(anonymous_0)
DA:1,25
LF:1
LH:1
BRF:0
BRH:0
end_of_record
TN:
SF:src/layouts/Meta.tsx
FN:66,(anonymous_0)
FN:13,(anonymous_2)
FNF:2
FNH:0
FNDA:0,(anonymous_0)
FNDA:0,(anonymous_2)
DA:1,0
DA:2,0
DA:3,0
DA:5,0
DA:13,0
DA:14,0
DA:66,0
LF:7
LH:0
BRF:0
BRH:0
end_of_record
TN:
SF:src/pages/index.tsx
FN:41,(anonymous_0)
FN:14,(anonymous_2)
FNF:2
FNH:0
FNDA:0,(anonymous_0)
FNDA:0,(anonymous_2)
DA:3,0
DA:5,0
DA:7,0
DA:8,0
DA:9,0
DA:10,0
DA:11,0
DA:12,0
DA:14,0
DA:15,0
DA:16,0
DA:41,0
LF:12
LH:0
BRDA:34,0,0,0
BRF:1
BRH:0
end_of_record
TN:
SF:src/templates/Main.tsx
FN:18,(anonymous_0)
FNF:1
FNH:0
FNDA:0,(anonymous_0)
DA:18,0
LF:1
LH:0
BRF:0
BRH:0
end_of_record
TN:
SF:src/utils/AppConfig.ts
FN:3,(anonymous_0)
FNF:1
FNH:0
FNDA:0,(anonymous_0)
DA:3,0
LF:1
LH:0
BRF:0
BRH:0
end_of_record
TN:
SF:src/utils/contexts.ts
FN:6,(anonymous_0)
FN:8,(anonymous_2)
FN:11,(anonymous_3)
FNF:3
FNH:0
FNDA:0,(anonymous_0)
FNDA:0,(anonymous_2)
FNDA:0,(anonymous_3)
DA:2,0
DA:4,0
DA:6,0
LF:3
LH:0
BRF:0
BRH:0
end_of_record
